/*C4*/SET SCHEMA PUBLIC
DISCONNECT
/*C5*/SET SCHEMA FACTURACION
DELETE FROM PRODUCTO WHERE NUMERO=1
INSERT INTO PRODUCTO VALUES(1,'','402881c183967075018396775d470000',NULL,'',100.00,NULL)
COMMIT
DELETE FROM PRODUCTO WHERE NUMERO=2
INSERT INTO PRODUCTO VALUES(2,'','402881c183967075018396775d470000',NULL,'',1000.00,NULL)
COMMIT
INSERT INTO AUTOR VALUES('402881c183b44c420183b4613ce50000','Juan Villoro')
COMMIT
DELETE FROM PRODUCTO WHERE NUMERO=1
INSERT INTO PRODUCTO VALUES(1,'','402881c183967075018396775d470000','B461C8DFC0A80141000000002140E27F','',100.00,NULL)
COMMIT
DELETE FROM PRODUCTO WHERE NUMERO=1
INSERT INTO PRODUCTO VALUES(1,'el libro salvaje','402881c183967075018396775d470000','B461C8DFC0A80141000000002140E27F','es un libro interesante',100.00,'402881c183b44c420183b4613ce50000')
COMMIT
DELETE FROM PRODUCTO WHERE NUMERO=2
INSERT INTO PRODUCTO VALUES(2,'la lengua maya','402881c183967075018396775d470000',NULL,'',1000.00,'402881c183b42f420183b433364f0001')
COMMIT
INSERT INTO CATEGORIA VALUES('402881c183b44c420183b46412080001','software')
COMMIT
DELETE FROM PRODUCTO WHERE NUMERO=2
INSERT INTO PRODUCTO VALUES(2,'la lengua maya','402881c183967075018396775d470000','B467923BC0A8014100000000CA7812B7','',1000.00,'402881c183b42f420183b433364f0001')
COMMIT
DELETE FROM PRODUCTO WHERE NUMERO=2
INSERT INTO PRODUCTO VALUES(2,'la lengua maya','402881c183967075018396775d470000','B467923BC0A8014100000000CA7812B7','',1000.00,'402881c183b44c420183b4613ce50000')
COMMIT
INSERT INTO CLIENTE VALUES(2,'Josue',4567,'Isla Mujeres','Isla Mujeres','via del centro')
COMMIT
INSERT INTO TUPRIMERAENTIDAD VALUES('402881c183b44c420183b47081e20002','yulisa','2022-10-07',1.00)
COMMIT
INSERT INTO FACTURA VALUES('402881c183b44c420183b4783b260003',2022,'2022-10-07',3,'',2)
INSERT INTO FACTURA_DETALLES VALUES('402881c183b44c420183b4783b260003',0,1)
COMMIT
